<?xml version="1.0" encoding="UTF-8"?>
<!-- Generated by org.testng.reporters.JUnitReportReporter -->
<testsuite hostname="DESKTOP-8CNA17E" failures="0" tests="1" name="testScripts.GET_POST_3" time="4.097" errors="0" timestamp="2022-03-16T00:26:59 IST" skipped="0">
  <testcase classname="testScripts.GET_POST_3" name="testGET" time="4.097"/>
  <system-out/>
</testsuite> <!-- testScripts.GET_POST_3 -->
