<?xml version="1.0" encoding="UTF-8"?>
<!-- Generated by org.testng.reporters.JUnitReportReporter -->
<testsuite hostname="DESKTOP-8CNA17E" failures="0" tests="1" name="testScripts.ValidateJSONSchema_5" time="3.617" errors="0" timestamp="2022-03-06T12:47:07 IST" skipped="0">
  <testcase classname="testScripts.ValidateJSONSchema_5" name="testGET" time="3.617"/>
  <system-out/>
</testsuite> <!-- testScripts.ValidateJSONSchema_5 -->
