<?xml version="1.0" encoding="UTF-8"?>
<!-- Generated by org.testng.reporters.JUnitReportReporter -->
<testsuite hostname="DESKTOP-8CNA17E" failures="0" tests="3" name="testScripts.PUT_PATCH_DELETE_4" time="5.514" errors="0" timestamp="2022-03-05T18:56:57 IST" skipped="0">
  <testcase classname="testScripts.PUT_PATCH_DELETE_4" name="test_PUT" time="1.129"/>
  <system-out/>
  <testcase classname="testScripts.PUT_PATCH_DELETE_4" name="test_PATCH" time="0.990"/>
  <system-out/>
  <testcase classname="testScripts.PUT_PATCH_DELETE_4" name="test_DELETE" time="3.395"/>
  <system-out/>
</testsuite> <!-- testScripts.PUT_PATCH_DELETE_4 -->
