<?xml version="1.0" encoding="UTF-8"?>
<!-- Generated by org.testng.reporters.JUnitReportReporter -->
<testsuite hostname="DESKTOP-8CNA17E" failures="0" tests="1" name="testScripts.API_TestCases_RegularWay" time="3.620" errors="0" timestamp="2022-03-05T01:35:16 IST" skipped="0">
  <testcase classname="testScripts.API_TestCases_RegularWay" name="test_GET_001" time="3.620"/>
  <system-out/>
</testsuite> <!-- testScripts.API_TestCases_RegularWay -->
